<?xml version="1.0" encoding="UTF-8"?>
<testsuite name="ParkingLotSystemTest" tests="1" skipped="0" failures="0" errors="0" timestamp="2020-04-20T07:08:19" hostname="blackhawkkk" time="0.006">
  <properties/>
  <testcase name="givenAVehicles_WhenParkingLotIsFull_ShouldInformToOwner" classname="ParkingLotSystemTest" time="0.006"/>
  <system-out><![CDATA[]]></system-out>
  <system-err><![CDATA[]]></system-err>
</testsuite>
