<?xml version="1.0" encoding="UTF-8"?>
<testsuite name="ParkingLotSystemTest" tests="1" skipped="0" failures="0" errors="0" timestamp="2020-04-20T07:18:01" hostname="blackhawkkk" time="0.003">
  <properties/>
  <testcase name="givenAVehicles_WhenParkingLotHasSpaceAgain_ShouldInformToParkingLotOwner" classname="ParkingLotSystemTest" time="0.003"/>
  <system-out><![CDATA[]]></system-out>
  <system-err><![CDATA[]]></system-err>
</testsuite>
