<?xml version="1.0" encoding="UTF-8"?>
<testsuite name="ParkingLotSystemTest" tests="1" skipped="0" failures="0" errors="0" timestamp="2020-04-24T12:21:41" hostname="blackhawkkk" time="0.168">
  <properties/>
  <testcase name="givenVehicles_whenBandDLotHasHandicapVehicle_shouldReturnIt" classname="ParkingLotSystemTest" time="0.168"/>
  <system-out><![CDATA[]]></system-out>
  <system-err><![CDATA[]]></system-err>
</testsuite>
