<?xml version="1.0" encoding="UTF-8"?>
<testsuite name="ParkingLotSystemTest" tests="1" skipped="0" failures="0" errors="0" timestamp="2020-04-23T19:59:14" hostname="blackhawkkk" time="0.073">
  <properties/>
  <testcase name="givenVehicle_whenItIsBlueToyota_shouldReturnThatVehicles" classname="ParkingLotSystemTest" time="0.073"/>
  <system-out><![CDATA[]]></system-out>
  <system-err><![CDATA[]]></system-err>
</testsuite>
