<?xml version="1.0" encoding="UTF-8"?>
<testsuite name="ParkingLotSystemTest" tests="1" skipped="0" failures="0" errors="0" timestamp="2020-04-23T19:04:00" hostname="blackhawkkk" time="0.067">
  <properties/>
  <testcase name="givenVehicle_whenDriverIsHandicap_shouldParkedAtNearestSpot" classname="ParkingLotSystemTest" time="0.067"/>
  <system-out><![CDATA[]]></system-out>
  <system-err><![CDATA[]]></system-err>
</testsuite>
