<?xml version="1.0" encoding="UTF-8"?>
<testsuite name="ParkingLotSystemTest" tests="1" skipped="0" failures="0" errors="0" timestamp="2020-04-24T11:51:37" hostname="blackhawkkk" time="0.024">
  <properties/>
  <testcase name="givenVehicles_whenItIsNotBMW_shouldThrowException" classname="ParkingLotSystemTest" time="0.024"/>
  <system-out><![CDATA[]]></system-out>
  <system-err><![CDATA[]]></system-err>
</testsuite>
