<?xml version="1.0" encoding="UTF-8"?>
<testsuite name="ParkingLotSystemTest" tests="1" skipped="0" failures="0" errors="0" timestamp="2020-04-18T07:25:07" hostname="blackhawkkk" time="0.005">
  <properties/>
  <testcase name="givenAVehicle_WhenUnParked_ReturnTrue" classname="ParkingLotSystemTest" time="0.005"/>
  <system-out><![CDATA[]]></system-out>
  <system-err><![CDATA[]]></system-err>
</testsuite>
